Build started 10/1/2015 3:20:58 PM.
     1>Project "C:\Users\amit_\Documents\Visual Studio 2015\C-C++\Ray Tracing\TriangleBox\RayCasting\RayCasting.vcxproj" on node 2 (Build target(s)).
     1>ClCompile:
         C:\Program Files (x86)\Microsoft Visual Studio 14.0\VC\bin\CL.exe /c /I"E:\Visual Studio\RayTracing\RayCasting\freeglut\include" /Zi /nologo /W3 /WX- /O2 /Oi /Oy- /GL /D WIN32 /D NDEBUG /D _CONSOLE /D _UNICODE /D UNICODE /Gm- /EHsc /MD /GS /Gy /fp:precise /Zc:wchar_t /Zc:forScope /Zc:inline /Fo"Release\\" /Fd"Release\vc140.pdb" /Gd /TP /analyze- /errorReport:prompt TriangleIntersection.cpp
         TriangleIntersection.cpp
     1>c:\users\amit_\documents\visual studio 2015\c-c++\ray tracing\trianglebox\raycasting\scene.h(463): warning C4996: 'fopen': This function or variable may be unsafe. Consider using fopen_s instead. To disable deprecation, use _CRT_SECURE_NO_WARNINGS. See online help for details.
         C:\Program Files (x86)\Windows Kits\10\Include\10.0.10150.0\ucrt\stdio.h(205): note: see declaration of 'fopen'
     1>c:\users\amit_\documents\visual studio 2015\c-c++\ray tracing\trianglebox\raycasting\cyTriMesh.h(230): warning C4996: 'sscanf': This function or variable may be unsafe. Consider using sscanf_s instead. To disable deprecation, use _CRT_SECURE_NO_WARNINGS. See online help for details.
         C:\Program Files (x86)\Windows Kits\10\Include\10.0.10150.0\ucrt\stdio.h(2254): note: see declaration of 'sscanf'
     1>c:\users\amit_\documents\visual studio 2015\c-c++\ray tracing\trianglebox\raycasting\cyTriMesh.h(231): warning C4996: 'sscanf': This function or variable may be unsafe. Consider using sscanf_s instead. To disable deprecation, use _CRT_SECURE_NO_WARNINGS. See online help for details.
         C:\Program Files (x86)\Windows Kits\10\Include\10.0.10150.0\ucrt\stdio.h(2254): note: see declaration of 'sscanf'
     1>c:\users\amit_\documents\visual studio 2015\c-c++\ray tracing\trianglebox\raycasting\cyTriMesh.h(232): warning C4996: 'sscanf': This function or variable may be unsafe. Consider using sscanf_s instead. To disable deprecation, use _CRT_SECURE_NO_WARNINGS. See online help for details.
         C:\Program Files (x86)\Windows Kits\10\Include\10.0.10150.0\ucrt\stdio.h(2254): note: see declaration of 'sscanf'
     1>c:\users\amit_\documents\visual studio 2015\c-c++\ray tracing\trianglebox\raycasting\cyTriMesh.h(233): warning C4996: 'sscanf': This function or variable may be unsafe. Consider using sscanf_s instead. To disable deprecation, use _CRT_SECURE_NO_WARNINGS. See online help for details.
         C:\Program Files (x86)\Windows Kits\10\Include\10.0.10150.0\ucrt\stdio.h(2254): note: see declaration of 'sscanf'
     1>c:\users\amit_\documents\visual studio 2015\c-c++\ray tracing\trianglebox\raycasting\cyTriMesh.h(243): warning C4996: 'strncpy': This function or variable may be unsafe. Consider using strncpy_s instead. To disable deprecation, use _CRT_SECURE_NO_WARNINGS. See online help for details.
         C:\Program Files (x86)\Windows Kits\10\Include\10.0.10150.0\ucrt\string.h(346): note: see declaration of 'strncpy'
     1>c:\users\amit_\documents\visual studio 2015\c-c++\ray tracing\trianglebox\raycasting\cyTriMesh.h(273): warning C4996: 'strncpy': This function or variable may be unsafe. Consider using strncpy_s instead. To disable deprecation, use _CRT_SECURE_NO_WARNINGS. See online help for details.
         C:\Program Files (x86)\Windows Kits\10\Include\10.0.10150.0\ucrt\string.h(346): note: see declaration of 'strncpy'
     1>c:\users\amit_\documents\visual studio 2015\c-c++\ray tracing\trianglebox\raycasting\cyTriMesh.h(194): warning C4996: 'fopen': This function or variable may be unsafe. Consider using fopen_s instead. To disable deprecation, use _CRT_SECURE_NO_WARNINGS. See online help for details.
         C:\Program Files (x86)\Windows Kits\10\Include\10.0.10150.0\ucrt\stdio.h(205): note: see declaration of 'fopen'
     1>c:\users\amit_\documents\visual studio 2015\c-c++\ray tracing\trianglebox\raycasting\cyTriMesh.h(417): warning C4996: 'strncpy': This function or variable may be unsafe. Consider using strncpy_s instead. To disable deprecation, use _CRT_SECURE_NO_WARNINGS. See online help for details.
         C:\Program Files (x86)\Windows Kits\10\Include\10.0.10150.0\ucrt\string.h(346): note: see declaration of 'strncpy'
     1>c:\users\amit_\documents\visual studio 2015\c-c++\ray tracing\trianglebox\raycasting\cyTriMesh.h(424): warning C4996: 'strncpy': This function or variable may be unsafe. Consider using strncpy_s instead. To disable deprecation, use _CRT_SECURE_NO_WARNINGS. See online help for details.
         C:\Program Files (x86)\Windows Kits\10\Include\10.0.10150.0\ucrt\string.h(346): note: see declaration of 'strncpy'
     1>c:\users\amit_\documents\visual studio 2015\c-c++\ray tracing\trianglebox\raycasting\cyTriMesh.h(425): warning C4996: 'fopen': This function or variable may be unsafe. Consider using fopen_s instead. To disable deprecation, use _CRT_SECURE_NO_WARNINGS. See online help for details.
         C:\Program Files (x86)\Windows Kits\10\Include\10.0.10150.0\ucrt\stdio.h(205): note: see declaration of 'fopen'
     1>c:\users\amit_\documents\visual studio 2015\c-c++\ray tracing\trianglebox\raycasting\cyTriMesh.h(433): warning C4996: 'strncpy': This function or variable may be unsafe. Consider using strncpy_s instead. To disable deprecation, use _CRT_SECURE_NO_WARNINGS. See online help for details.
         C:\Program Files (x86)\Windows Kits\10\Include\10.0.10150.0\ucrt\string.h(346): note: see declaration of 'strncpy'
       Link:
         C:\Program Files (x86)\Microsoft Visual Studio 14.0\VC\bin\link.exe /ERRORREPORT:PROMPT /OUT:"C:\Users\amit_\Documents\Visual Studio 2015\C-C++\Ray Tracing\TriangleBox\Release\RayCasting.exe" /INCREMENTAL:NO /NOLOGO /LIBPATH:"C:\Users\amit_\Documents\Visual Studio 2015\C-C++\Ray Tracing\TriangleBox\RayCasting\freeglut\Lib" /LIBPATH:"C:\Users\amit_\Documents\Visual Studio 2015\C-C++\Ray Tracing\TriangleBox\RayCasting\tinyxml\Lib" freeglut.lib tinyxml.lib kernel32.lib user32.lib gdi32.lib winspool.lib comdlg32.lib advapi32.lib shell32.lib ole32.lib oleaut32.lib uuid.lib odbc32.lib odbccp32.lib /MANIFEST /MANIFESTUAC:"level='asInvoker' uiAccess='false'" /manifest:embed /Debug /PDB:"C:\Users\amit_\Documents\Visual Studio 2015\C-C++\Ray Tracing\TriangleBox\Release\RayCasting.pdb" /SUBSYSTEM:CONSOLE /OPT:REF /OPT:ICF /LTCG:incremental /TLBID:1 /DYNAMICBASE /NXCOMPAT /IMPLIB:"C:\Users\amit_\Documents\Visual Studio 2015\C-C++\Ray Tracing\TriangleBox\Release\RayCasting.lib" /MACHINE:X86 /SAFESEH Release\BoxIntersection.obj
         Release\Lights.obj
         Release\main.obj
         Release\Material.obj
         Release\PlaneIntersection.obj
         Release\SphereIntersection.obj
         Release\FrameTime.obj
         Release\tinystr.obj
         Release\tinyxml.obj
         Release\TriangleIntersection.obj
         Release\viewport.obj
         Release\xmlload.obj
     1>tinyxml.lib(tinyxmlparser.obj) : warning LNK4075: ignoring '/EDITANDCONTINUE' due to '/OPT:ICF' specification
     1>LINK : warning LNK4098: defaultlib 'LIBCMTD' conflicts with use of other libs; use /NODEFAULTLIB:library
         Generating code
         2 of 1015 functions ( 0.2%) were compiled, the rest were copied from previous compilation.
           0 functions were new in current compilation
           0 functions had inline decision re-evaluated but remain unchanged
         Finished generating code
     1>tinyxml.lib(tinyxmlerror.obj) : warning LNK4099: PDB 'tinyxml.pdb' was not found with 'tinyxml.lib(tinyxmlerror.obj)' or at 'C:\Users\amit_\Documents\Visual Studio 2015\C-C++\Ray Tracing\TriangleBox\Release\tinyxml.pdb'; linking object as if no debug info
     1>tinyxml.lib(tinyxmlparser.obj) : warning LNK4099: PDB 'tinyxml.pdb' was not found with 'tinyxml.lib(tinyxmlparser.obj)' or at 'C:\Users\amit_\Documents\Visual Studio 2015\C-C++\Ray Tracing\TriangleBox\Release\tinyxml.pdb'; linking object as if no debug info
         RayCasting.vcxproj -> C:\Users\amit_\Documents\Visual Studio 2015\C-C++\Ray Tracing\TriangleBox\Release\RayCasting.exe
     1>Done Building Project "C:\Users\amit_\Documents\Visual Studio 2015\C-C++\Ray Tracing\TriangleBox\RayCasting\RayCasting.vcxproj" (Build target(s)).

Build succeeded.

Time Elapsed 00:00:01.58
